<?xml version="1.0" encoding="UTF-8"?>
<!-- Generated by org.testng.reporters.JUnitReportReporter -->
<testsuite hostname="MAVENTUS6" failures="0" tests="1" name="com.mavSocial.LoginPage.Amezonpoc" time="18.995" errors="0" timestamp="26 Oct 2018 09:06:40 GMT" skipped="0">
  <testcase classname="com.mavSocial.LoginPage.Amezonpoc" name="amezonoprations" time="18.995"/>
</testsuite> <!-- com.mavSocial.LoginPage.Amezonpoc -->
