<?xml version="1.0" encoding="UTF-8"?>
<!-- Generated by org.testng.reporters.JUnitReportReporter -->
<testsuite hostname="Hari" name="com.Telecom.LoginPage.Sites_MCB_Opr" tests="1" failures="0" timestamp="6 Oct 2019 16:25:49 GMT" time="57.766" errors="0">
  <testcase name="sitesoperations" time="57.766" classname="com.Telecom.LoginPage.Sites_MCB_Opr"/>
</testsuite> <!-- com.Telecom.LoginPage.Sites_MCB_Opr -->
