<?xml version="1.0" encoding="UTF-8"?>
<!-- Generated by org.testng.reporters.JUnitReportReporter -->
<testsuite skipped="0" hostname="MAVENTUS6" name="com.Telecom.LoginPage.Telecomopr" tests="1" failures="0" timestamp="04 Sep 2019 13:12:12 GMT" time="75.283" errors="0">
  <testcase name="telecomoperations" time="75.283" classname="com.Telecom.LoginPage.Telecomopr"/>
</testsuite> <!-- com.Telecom.LoginPage.Telecomopr -->
