<?xml version="1.0" encoding="UTF-8"?>
<!-- Generated by org.testng.reporters.JUnitReportReporter -->
<testsuite hostname="Hari" name="com.Telecom.LoginPage.Telecomopr" tests="1" failures="0" timestamp="5 Sep 2019 18:35:13 GMT" time="85.659" errors="0">
  <testcase name="telecomoperations" time="85.659" classname="com.Telecom.LoginPage.Telecomopr"/>
</testsuite> <!-- com.Telecom.LoginPage.Telecomopr -->
