<?xml version="1.0" encoding="UTF-8"?>
<!-- Generated by org.testng.reporters.JUnitReportReporter -->
<testsuite hostname="MAVENTUS6" failures="0" tests="1" name="com.mavSocial.LoginPage.TC001_LoginWithValidCredentials" time="14.845" errors="0" timestamp="26 Oct 2018 06:37:19 GMT" skipped="0">
  <testcase classname="com.mavSocial.LoginPage.TC001_LoginWithValidCredentials" name="verify_login_with_valid_credentials" time="14.845"/>
</testsuite> <!-- com.mavSocial.LoginPage.TC001_LoginWithValidCredentials -->
