<?xml version="1.0" encoding="UTF-8"?>
<!-- Generated by org.testng.reporters.JUnitReportReporter -->
<testsuite name="com.mavSocial.LoginPage.TC003_ResetPassword" tests="1" time="76.205" ignored="0" failures="0" timestamp="05 Oct 2018 09:37:03 GMT" skipped="0" hostname="DESKTOP-9AUK2PQ" errors="0">
  <testcase name="verify_login_with_valid_credentials" time="76.205" classname="com.mavSocial.LoginPage.TC003_ResetPassword"/>
</testsuite> <!-- com.mavSocial.LoginPage.TC003_ResetPassword -->
