<?xml version="1.0" encoding="UTF-8"?>
<!-- Generated by org.testng.reporters.JUnitReportReporter -->
<testsuite hostname="Hari" name="com.Telecom.LoginPage.Telecomopr" tests="1" failures="0" timestamp="23 Sep 2019 17:17:16 GMT" time="102.172" errors="0">
  <testcase name="telecomoperations" time="102.172" classname="com.Telecom.LoginPage.Telecomopr"/>
</testsuite> <!-- com.Telecom.LoginPage.Telecomopr -->
