<?xml version="1.0" encoding="UTF-8"?>
<!-- Generated by org.testng.reporters.JUnitReportReporter -->
<testsuite name="com.mavSocial.LoginPage.TC003_ForgotPassword" tests="1" time="21.954" ignored="0" failures="0" timestamp="03 Oct 2018 09:52:56 GMT" skipped="0" hostname="DESKTOP-9AUK2PQ" errors="0">
  <testcase name="forgotpassword" time="21.954" classname="com.mavSocial.LoginPage.TC003_ForgotPassword"/>
</testsuite> <!-- com.mavSocial.LoginPage.TC003_ForgotPassword -->
