<?xml version="1.0" encoding="UTF-8"?>
<!-- Generated by org.testng.reporters.JUnitReportReporter -->
<testsuite hostname="Hari" name="com.Telecom.LoginPage.Telecomopr" tests="1" failures="0" timestamp="26 Sep 2019 17:47:57 GMT" time="108.373" errors="0">
  <testcase name="telecomoperations" time="108.373" classname="com.Telecom.LoginPage.Telecomopr"/>
</testsuite> <!-- com.Telecom.LoginPage.Telecomopr -->
