<?xml version="1.0" encoding="UTF-8"?>
<!-- Generated by org.testng.reporters.JUnitReportReporter -->
<testsuite skipped="0" hostname="MAVENTUS6" name="com.Telecom.LoginPage.Sites_Opr" tests="1" failures="0" timestamp="04 Oct 2019 15:49:49 GMT" time="83.441" errors="0">
  <testcase name="sitesoperations" time="83.441" classname="com.Telecom.LoginPage.Sites_Opr"/>
</testsuite> <!-- com.Telecom.LoginPage.Sites_Opr -->
