<?xml version="1.0" encoding="UTF-8"?>
<!-- Generated by org.testng.reporters.JUnitReportReporter -->
<testsuite name="com.mavSocial.LoginPage.TC003_VerifyLoginWithInvalidEmailID" tests="1" time="21.782" ignored="0" failures="0" timestamp="01 Oct 2018 10:12:49 GMT" skipped="0" hostname="DESKTOP-9AUK2PQ" errors="0">
  <testcase name="verify_login_with_invalid_emailID" time="21.782" classname="com.mavSocial.LoginPage.TC003_VerifyLoginWithInvalidEmailID"/>
</testsuite> <!-- com.mavSocial.LoginPage.TC003_VerifyLoginWithInvalidEmailID -->
