<?xml version="1.0" encoding="UTF-8"?>
<!-- Generated by org.testng.reporters.JUnitReportReporter -->
<testsuite skipped="1" hostname="MAVENTUS6" name="com.Telecom.LoginPage.Amazonpoc" tests="1" failures="0" timestamp="04 Sep 2019 10:08:35 GMT" time="0.000" errors="0">
  <testcase name="amezonoprations" time="0.000" classname="com.Telecom.LoginPage.Amazonpoc">
    <skipped/>
  </testcase> <!-- amezonoprations -->
</testsuite> <!-- com.Telecom.LoginPage.Amazonpoc -->
