<?xml version="1.0" encoding="UTF-8"?>
<!-- Generated by org.testng.reporters.JUnitReportReporter -->
<testsuite skipped="0" hostname="MAVENTUS6" name="com.Telecom.LoginPage.Sites_Opr" tests="1" failures="0" timestamp="14 Oct 2019 12:00:45 GMT" time="77.277" errors="0">
  <testcase name="sitesoperations" time="77.277" classname="com.Telecom.LoginPage.Sites_Opr"/>
</testsuite> <!-- com.Telecom.LoginPage.Sites_Opr -->
