<?xml version="1.0" encoding="UTF-8"?>
<!-- Generated by org.testng.reporters.JUnitReportReporter -->
<testsuite skipped="0" hostname="DESKTOP-9AUK2PQ" name="com.mavSocial.LoginPage.TC004_ChangePasswordWithWrongCredentials" tests="6" failures="0" timestamp="10 Oct 2018 09:24:11 GMT" time="21.263" errors="0">
  <testcase name="verify_change_password_with_wrong_credentials" time="3.321" classname="com.mavSocial.LoginPage.TC004_ChangePasswordWithWrongCredentials"/>
  <testcase name="verify_change_password_with_wrong_credentials" time="4.022" classname="com.mavSocial.LoginPage.TC004_ChangePasswordWithWrongCredentials"/>
  <testcase name="verify_change_password_with_wrong_credentials" time="3.556" classname="com.mavSocial.LoginPage.TC004_ChangePasswordWithWrongCredentials"/>
  <testcase name="verify_change_password_with_wrong_credentials" time="3.745" classname="com.mavSocial.LoginPage.TC004_ChangePasswordWithWrongCredentials"/>
  <testcase name="verify_change_password_with_wrong_credentials" time="3.271" classname="com.mavSocial.LoginPage.TC004_ChangePasswordWithWrongCredentials"/>
  <testcase name="verify_change_password_with_wrong_credentials" time="3.348" classname="com.mavSocial.LoginPage.TC004_ChangePasswordWithWrongCredentials"/>
</testsuite> <!-- com.mavSocial.LoginPage.TC004_ChangePasswordWithWrongCredentials -->
