<?xml version="1.0" encoding="UTF-8"?>
<!-- Generated by org.testng.reporters.JUnitReportReporter -->
<testsuite skipped="0" hostname="MAVENTUS6" name="com.Telecom.LoginPage.Telecom_Login" tests="1" failures="0" timestamp="30 Sep 2019 09:38:44 GMT" time="44.692" errors="0">
  <testcase name="telecomoperations" time="44.692" classname="com.Telecom.LoginPage.Telecom_Login"/>
</testsuite> <!-- com.Telecom.LoginPage.Telecom_Login -->
